[2020-02-03 06:05:06][4] Processing: App\Jobs\RenderNewContract
[2020-02-03 06:05:27][4] Processing: App\Jobs\RenderNewContract
[2020-02-03 06:08:06][5] Processing: App\Jobs\RenderNewContract
[2020-02-03 06:12:06][6] Processing: App\Jobs\RenderNewContract
[2020-02-03 06:12:26][6] Processing: App\Jobs\RenderNewContract
[2020-02-03 06:12:46][6] Processing: App\Jobs\RenderNewContract
[2020-02-03 06:13:06][6] Processing: App\Jobs\RenderNewContract
[2020-02-03 06:13:27][6] Processing: App\Jobs\RenderNewContract
[2020-02-03 06:13:48][6] Processing: App\Jobs\RenderNewContract
[2020-02-03 06:14:08][6] Processing: App\Jobs\RenderNewContract
[2020-02-03 06:14:28][6] Processing: App\Jobs\RenderNewContract
[2020-02-03 06:14:48][6] Processing: App\Jobs\RenderNewContract
[2020-02-03 06:15:08][6] Processing: App\Jobs\RenderNewContract
[2020-02-03 06:15:28][6] Processing: App\Jobs\RenderNewContract
[2020-02-03 06:15:48][6] Processing: App\Jobs\RenderNewContract

   ReflectionException  : Class App\Core\Services\Contract\ContractService does not exist

  at /var/www/vendor/laravel/framework/src/Illuminate/Container/Container.php:872
    868| 
    869|             // If the class is null, it means the dependency is a string or some other
    870|             // primitive type which we can not resolve since it is not a class and
    871|             // we will just bomb out with an error since we have no-where to go.
  > 872|             $results[] = is_null($dependency->getClass())
    873|                             ? $this->resolvePrimitive($dependency)
    874|                             : $this->resolveClass($dependency);
    875|         }
    876|

  Exception trace:

  1   ParseError::("syntax error, unexpected 'return' (T_RETURN)")
      /var/www/app/Core/Services/Contract/ContractService.php:64

  2   Composer\Autoload\includeFile("/var/www/vendor/composer/../../app/Core/Services/Contract/ContractService.php")
      /var/www/vendor/composer/ClassLoader.php:322

  Please use the argument -v to see more details.

   ReflectionException  : Class App\Core\Services\Contract\ContractService does not exist

  at /var/www/vendor/laravel/framework/src/Illuminate/Container/Container.php:872
    868| 
    869|             // If the class is null, it means the dependency is a string or some other
    870|             // primitive type which we can not resolve since it is not a class and
    871|             // we will just bomb out with an error since we have no-where to go.
  > 872|             $results[] = is_null($dependency->getClass())
    873|                             ? $this->resolvePrimitive($dependency)
    874|                             : $this->resolveClass($dependency);
    875|         }
    876|

  Exception trace:

  1   ParseError::("syntax error, unexpected 'return' (T_RETURN)")
      /var/www/app/Core/Services/Contract/ContractService.php:64

  2   Composer\Autoload\includeFile("/var/www/vendor/composer/../../app/Core/Services/Contract/ContractService.php")
      /var/www/vendor/composer/ClassLoader.php:322

  Please use the argument -v to see more details.

   ReflectionException  : Class App\Core\Services\Contract\ContractService does not exist

  at /var/www/vendor/laravel/framework/src/Illuminate/Container/Container.php:872
    868| 
    869|             // If the class is null, it means the dependency is a string or some other
    870|             // primitive type which we can not resolve since it is not a class and
    871|             // we will just bomb out with an error since we have no-where to go.
  > 872|             $results[] = is_null($dependency->getClass())
    873|                             ? $this->resolvePrimitive($dependency)
    874|                             : $this->resolveClass($dependency);
    875|         }
    876|

  Exception trace:

  1   ParseError::("syntax error, unexpected 'return' (T_RETURN)")
      /var/www/app/Core/Services/Contract/ContractService.php:64

  2   Composer\Autoload\includeFile("/var/www/vendor/composer/../../app/Core/Services/Contract/ContractService.php")
      /var/www/vendor/composer/ClassLoader.php:322

  Please use the argument -v to see more details.

   ReflectionException  : Class App\Core\Services\Contract\ContractService does not exist

  at /var/www/vendor/laravel/framework/src/Illuminate/Container/Container.php:872
    868| 
    869|             // If the class is null, it means the dependency is a string or some other
    870|             // primitive type which we can not resolve since it is not a class and
    871|             // we will just bomb out with an error since we have no-where to go.
  > 872|             $results[] = is_null($dependency->getClass())
    873|                             ? $this->resolvePrimitive($dependency)
    874|                             : $this->resolveClass($dependency);
    875|         }
    876|

  Exception trace:

  1   ParseError::("syntax error, unexpected 'return' (T_RETURN)")
      /var/www/app/Core/Services/Contract/ContractService.php:64

  2   Composer\Autoload\includeFile("/var/www/vendor/composer/../../app/Core/Services/Contract/ContractService.php")
      /var/www/vendor/composer/ClassLoader.php:322

  Please use the argument -v to see more details.
[2020-02-03 06:16:08][6] Processing: App\Jobs\RenderNewContract

   ReflectionException  : Class App\Core\Services\Contract\ContractService does not exist

  at /var/www/vendor/laravel/framework/src/Illuminate/Container/Container.php:872
    868| 
    869|             // If the class is null, it means the dependency is a string or some other
    870|             // primitive type which we can not resolve since it is not a class and
    871|             // we will just bomb out with an error since we have no-where to go.
  > 872|             $results[] = is_null($dependency->getClass())
    873|                             ? $this->resolvePrimitive($dependency)
    874|                             : $this->resolveClass($dependency);
    875|         }
    876|

  Exception trace:

  1   ParseError::("syntax error, unexpected 'return' (T_RETURN)")
      /var/www/app/Core/Services/Contract/ContractService.php:64

  2   Composer\Autoload\includeFile("/var/www/vendor/composer/../../app/Core/Services/Contract/ContractService.php")
      /var/www/vendor/composer/ClassLoader.php:322

  Please use the argument -v to see more details.

   ReflectionException  : Class App\Core\Services\Contract\ContractService does not exist

  at /var/www/vendor/laravel/framework/src/Illuminate/Container/Container.php:872
    868| 
    869|             // If the class is null, it means the dependency is a string or some other
    870|             // primitive type which we can not resolve since it is not a class and
    871|             // we will just bomb out with an error since we have no-where to go.
  > 872|             $results[] = is_null($dependency->getClass())
    873|                             ? $this->resolvePrimitive($dependency)
    874|                             : $this->resolveClass($dependency);
    875|         }
    876|

  Exception trace:

  1   ParseError::("syntax error, unexpected 'return' (T_RETURN)")
      /var/www/app/Core/Services/Contract/ContractService.php:64

  2   Composer\Autoload\includeFile("/var/www/vendor/composer/../../app/Core/Services/Contract/ContractService.php")
      /var/www/vendor/composer/ClassLoader.php:322

  Please use the argument -v to see more details.

   ReflectionException  : Class App\Core\Services\Contract\ContractService does not exist

  at /var/www/vendor/laravel/framework/src/Illuminate/Container/Container.php:872
    868| 
    869|             // If the class is null, it means the dependency is a string or some other
    870|             // primitive type which we can not resolve since it is not a class and
    871|             // we will just bomb out with an error since we have no-where to go.
  > 872|             $results[] = is_null($dependency->getClass())
    873|                             ? $this->resolvePrimitive($dependency)
    874|                             : $this->resolveClass($dependency);
    875|         }
    876|

  Exception trace:

  1   ParseError::("syntax error, unexpected 'return' (T_RETURN)")
      /var/www/app/Core/Services/Contract/ContractService.php:64

  2   Composer\Autoload\includeFile("/var/www/vendor/composer/../../app/Core/Services/Contract/ContractService.php")
      /var/www/vendor/composer/ClassLoader.php:322

  Please use the argument -v to see more details.

   ReflectionException  : Class App\Core\Services\Contract\ContractService does not exist

  at /var/www/vendor/laravel/framework/src/Illuminate/Container/Container.php:872
    868| 
    869|             // If the class is null, it means the dependency is a string or some other
    870|             // primitive type which we can not resolve since it is not a class and
    871|             // we will just bomb out with an error since we have no-where to go.
  > 872|             $results[] = is_null($dependency->getClass())
    873|                             ? $this->resolvePrimitive($dependency)
    874|                             : $this->resolveClass($dependency);
    875|         }
    876|

  Exception trace:

  1   ParseError::("syntax error, unexpected 'return' (T_RETURN)")
      /var/www/app/Core/Services/Contract/ContractService.php:64

  2   Composer\Autoload\includeFile("/var/www/vendor/composer/../../app/Core/Services/Contract/ContractService.php")
      /var/www/vendor/composer/ClassLoader.php:322

  Please use the argument -v to see more details.
[2020-02-03 06:16:28][6] Processing: App\Jobs\RenderNewContract
[2020-02-03 06:16:49][6] Processing: App\Jobs\RenderNewContract
[2020-02-03 06:17:08][6] Processing: App\Jobs\RenderNewContract
[2020-02-03 06:17:28][6] Processing: App\Jobs\RenderNewContract
[2020-02-03 06:17:48][6] Processing: App\Jobs\RenderNewContract
[2020-02-03 06:18:08][6] Processing: App\Jobs\RenderNewContract
[2020-02-03 09:39:07][7] Processing: App\Jobs\RenderNewContract
[2020-02-03 09:39:27][7] Processing: App\Jobs\RenderNewContract
[2020-02-03 09:39:49][7] Processing: App\Jobs\RenderNewContract
[2020-02-03 09:49:08][10] Processing: App\Jobs\RenderNewContract
[2020-02-03 09:49:29][10] Processing: App\Jobs\RenderNewContract
[2020-02-03 09:50:09][10] Processing: App\Jobs\RenderNewContract
[2020-02-03 09:50:29][10] Processing: App\Jobs\RenderNewContract
[2020-02-03 09:50:49][10] Processing: App\Jobs\RenderNewContract
[2020-02-03 10:44:06][13] Processing: App\Jobs\RenderNewContract
[2020-02-03 10:44:26][13] Processing: App\Jobs\RenderNewContract
[2020-02-03 10:44:46][13] Processing: App\Jobs\RenderNewContract
[2020-02-03 10:45:06][13] Processing: App\Jobs\RenderNewContract
[2020-02-03 10:45:26][13] Processing: App\Jobs\RenderNewContract
[2020-02-03 10:45:46][13] Processing: App\Jobs\RenderNewContract
[2020-02-03 10:46:06][13] Processing: App\Jobs\RenderNewContract
[2020-02-03 10:46:26][13] Processing: App\Jobs\RenderNewContract
[2020-02-03 10:46:46][13] Processing: App\Jobs\RenderNewContract
[2020-02-03 10:47:06][13] Processing: App\Jobs\RenderNewContract
[2020-02-03 10:47:26][13] Processing: App\Jobs\RenderNewContract
[2020-02-03 10:47:46][13] Processing: App\Jobs\RenderNewContract
[2020-02-03 10:57:07][14] Processing: App\Jobs\RenderNewContract
[2020-02-03 16:02:11][17] Processing: App\Jobs\RenderNewContract
[2020-02-03 16:02:32][17] Processing: App\Jobs\RenderNewContract
[2020-02-03 16:03:38][18] Processing: App\Jobs\RenderNewContract
[2020-02-03 16:03:59][18] Processing: App\Jobs\RenderNewContract
[2020-02-03 16:09:17][19] Processing: App\Notifications\ContractRenderFinished
[2020-02-03 16:09:17][20] Processing: App\Notifications\ContractRenderFinished
[2020-02-03 16:09:37][19] Processing: App\Notifications\ContractRenderFinished
[2020-02-03 16:09:38][20] Processing: App\Notifications\ContractRenderFinished
[2020-02-03 16:09:57][19] Processing: App\Notifications\ContractRenderFinished
[2020-02-03 16:09:58][20] Processing: App\Notifications\ContractRenderFinished
[2020-02-03 16:10:17][19] Processing: App\Notifications\ContractRenderFinished
[2020-02-03 16:10:18][20] Processing: App\Notifications\ContractRenderFinished
[2020-02-03 16:10:37][19] Processing: App\Notifications\ContractRenderFinished
[2020-02-03 16:10:38][20] Processing: App\Notifications\ContractRenderFinished
[2020-02-03 16:10:57][19] Processing: App\Notifications\ContractRenderFinished
[2020-02-03 16:10:58][20] Processing: App\Notifications\ContractRenderFinished
[2020-02-03 16:11:17][19] Processing: App\Notifications\ContractRenderFinished
[2020-02-03 16:11:18][20] Processing: App\Notifications\ContractRenderFinished
[2020-02-03 16:11:37][19] Processing: App\Notifications\ContractRenderFinished
[2020-02-03 16:11:38][20] Processing: App\Notifications\ContractRenderFinished
[2020-02-03 16:11:57][19] Processing: App\Notifications\ContractRenderFinished
[2020-02-03 16:11:58][20] Processing: App\Notifications\ContractRenderFinished
[2020-02-03 16:12:06][23] Processing: App\Jobs\RenderNewContract
[2020-02-03 16:12:06][24] Processing: App\Notifications\ContractRenderFinished
[2020-02-03 16:12:06][25] Processing: App\Notifications\ContractRenderFinished
[2020-02-03 16:12:07][27] Processing: App\Notifications\ContractRenderFinished
[2020-02-03 16:12:19][20] Processing: App\Notifications\ContractRenderFinished
[2020-02-03 16:12:26][23] Processing: App\Jobs\RenderNewContract
[2020-02-03 16:12:26][24] Processing: App\Notifications\ContractRenderFinished
[2020-02-03 16:12:26][25] Processing: App\Notifications\ContractRenderFinished
[2020-02-03 16:12:39][20] Processing: App\Notifications\ContractRenderFinished
[2020-02-03 16:12:46][23] Processing: App\Jobs\RenderNewContract
[2020-02-03 16:12:46][25] Processing: App\Notifications\ContractRenderFinished
[2020-02-03 16:12:59][20] Processing: App\Notifications\ContractRenderFinished
[2020-02-03 16:13:06][23] Processing: App\Jobs\RenderNewContract
[2020-02-03 16:13:07][25] Processing: App\Notifications\ContractRenderFinished
[2020-02-03 16:13:07][28] Processing: App\Jobs\RenderNewContract
[2020-02-03 16:13:19][20] Processing: App\Notifications\ContractRenderFinished
[2020-02-03 16:13:26][23] Processing: App\Jobs\RenderNewContract
[2020-02-03 16:13:27][25] Processing: App\Notifications\ContractRenderFinished
[2020-02-03 16:13:27][28] Processing: App\Jobs\RenderNewContract
[2020-02-03 16:13:39][20] Processing: App\Notifications\ContractRenderFinished
[2020-02-03 16:13:46][23] Processing: App\Jobs\RenderNewContract
[2020-02-03 16:13:47][28] Processing: App\Jobs\RenderNewContract
[2020-02-03 16:13:59][20] Processing: App\Notifications\ContractRenderFinished
[2020-02-03 16:14:06][23] Processing: App\Jobs\RenderNewContract
[2020-02-03 16:14:07][28] Processing: App\Jobs\RenderNewContract
[2020-02-03 16:14:26][23] Processing: App\Jobs\RenderNewContract
[2020-02-03 16:14:27][28] Processing: App\Jobs\RenderNewContract
[2020-02-03 16:14:46][23] Processing: App\Jobs\RenderNewContract
[2020-02-03 16:14:47][28] Processing: App\Jobs\RenderNewContract
[2020-02-03 16:15:02][29] Processing: App\Notifications\ContractRenderFinished
[2020-02-03 16:15:02][30] Processing: App\Notifications\ContractRenderFinished
[2020-02-03 16:15:03][31] Processing: App\Notifications\ContractRenderFinished
[2020-02-03 16:15:03][32] Processing: App\Notifications\ContractRenderFinished
[2020-02-03 16:15:06][23] Processing: App\Jobs\RenderNewContract
[2020-02-03 16:15:07][28] Processing: App\Jobs\RenderNewContract
[2020-02-03 16:15:22][29] Processing: App\Notifications\ContractRenderFinished
[2020-02-03 16:15:22][30] Processing: App\Notifications\ContractRenderFinished
[2020-02-03 16:15:23][31] Processing: App\Notifications\ContractRenderFinished
[2020-02-03 16:15:23][32] Processing: App\Notifications\ContractRenderFinished
[2020-02-03 16:15:26][23] Processing: App\Jobs\RenderNewContract
[2020-02-03 16:15:27][28] Processing: App\Jobs\RenderNewContract
[2020-02-03 16:15:42][29] Processing: App\Notifications\ContractRenderFinished
[2020-02-03 16:15:42][30] Processing: App\Notifications\ContractRenderFinished
[2020-02-03 16:15:43][31] Processing: App\Notifications\ContractRenderFinished
[2020-02-03 16:15:43][32] Processing: App\Notifications\ContractRenderFinished
[2020-02-03 16:15:46][23] Processing: App\Jobs\RenderNewContract
[2020-02-03 16:15:47][28] Processing: App\Jobs\RenderNewContract
[2020-02-03 16:16:02][29] Processing: App\Notifications\ContractRenderFinished
[2020-02-03 16:16:03][30] Processing: App\Notifications\ContractRenderFinished
[2020-02-03 16:16:03][31] Processing: App\Notifications\ContractRenderFinished
[2020-02-03 16:16:03][32] Processing: App\Notifications\ContractRenderFinished
[2020-02-03 16:16:06][23] Processing: App\Jobs\RenderNewContract
[2020-02-03 16:16:22][29] Processing: App\Notifications\ContractRenderFinished
[2020-02-03 16:16:23][32] Processing: App\Notifications\ContractRenderFinished
[2020-02-03 16:16:42][29] Processing: App\Notifications\ContractRenderFinished
[2020-02-03 17:23:08][33] Processing: App\Jobs\RenderNewContract
[2020-02-03 17:23:28][33] Processing: App\Jobs\RenderNewContract
[2020-02-03 17:23:48][33] Processing: App\Jobs\RenderNewContract
[2020-02-03 17:24:08][33] Processing: App\Jobs\RenderNewContract
[2020-02-03 17:24:29][33] Processing: App\Jobs\RenderNewContract
[2020-02-03 17:24:48][33] Processing: App\Jobs\RenderNewContract
[2020-02-03 17:25:08][33] Processing: App\Jobs\RenderNewContract
[2020-02-03 20:33:06][34] Processing: App\Jobs\RenderNewContract
[2020-02-03 20:33:26][34] Processing: App\Jobs\RenderNewContract
[2020-02-03 20:33:46][34] Processing: App\Jobs\RenderNewContract
[2020-02-03 20:34:06][34] Processing: App\Jobs\RenderNewContract
